<?xml version="1.0" encoding="UTF-8"?>
<testsuite name="com.example.calculator.service.CalculatorServiceTest" tests="10" skipped="0" failures="0" errors="0" timestamp="2025-09-01T05:07:23.428Z" hostname="arigatatsuyanoMacBook-Air.local" time="3.535">
  <properties/>
  <testcase name="testPercentage()" classname="com.example.calculator.service.CalculatorServiceTest" time="3.351"/>
  <testcase name="testSquareRootNegative()" classname="com.example.calculator.service.CalculatorServiceTest" time="0.01"/>
  <testcase name="testPower()" classname="com.example.calculator.service.CalculatorServiceTest" time="0.005"/>
  <testcase name="testMultiplication()" classname="com.example.calculator.service.CalculatorServiceTest" time="0.009"/>
  <testcase name="testAddition()" classname="com.example.calculator.service.CalculatorServiceTest" time="0.005"/>
  <testcase name="testInvalidOperation()" classname="com.example.calculator.service.CalculatorServiceTest" time="0.01"/>
  <testcase name="testDivisionByZero()" classname="com.example.calculator.service.CalculatorServiceTest" time="0.07"/>
  <testcase name="testDivision()" classname="com.example.calculator.service.CalculatorServiceTest" time="0.012"/>
  <testcase name="testSquareRoot()" classname="com.example.calculator.service.CalculatorServiceTest" time="0.006"/>
  <testcase name="testSubtraction()" classname="com.example.calculator.service.CalculatorServiceTest" time="0.02"/>
  <system-out><![CDATA[14:07:06.453 [Test worker] INFO org.springframework.test.context.support.AnnotationConfigContextLoaderUtils -- Could not detect default configuration classes for test class [com.example.calculator.service.CalculatorServiceTest]: CalculatorServiceTest does not declare any static, non-private, non-final, nested classes annotated with @Configuration.
14:07:07.094 [Test worker] INFO org.springframework.boot.test.context.SpringBootTestContextBootstrapper -- Found @SpringBootConfiguration com.example.calculator.CalculatorApplication for test class com.example.calculator.service.CalculatorServiceTest

  .   ____          _            __ _ _
 /\\ / ___'_ __ _ _(_)_ __  __ _ \ \ \ \
( ( )\___ | '_ | '_| | '_ \/ _` | \ \ \ \
 \\/  ___)| |_)| | | | | || (_| |  ) ) ) )
  '  |____| .__|_| |_|_| |_\__, | / / / /
 =========|_|==============|___/=/_/_/_/
 :: Spring Boot ::                (v3.2.0)

2025-09-01T14:07:10.689+09:00  INFO 28934 --- [calculator-app] [    Test worker] c.e.c.service.CalculatorServiceTest      : Starting CalculatorServiceTest using Java 21.0.8 with PID 28934 (started by arigatatsuya in /Users/arigatatsuya/Work/git/test-calc-java-subagent-a)
2025-09-01T14:07:10.776+09:00 DEBUG 28934 --- [calculator-app] [    Test worker] c.e.c.service.CalculatorServiceTest      : Running with Spring Boot v3.2.0, Spring v6.1.1
2025-09-01T14:07:10.813+09:00  INFO 28934 --- [calculator-app] [    Test worker] c.e.c.service.CalculatorServiceTest      : No active profile set, falling back to 1 default profile: "default"
2025-09-01T14:07:11.075+09:00 DEBUG 28934 --- [calculator-app] [    Test worker] o.s.w.c.s.GenericWebApplicationContext   : Refreshing org.springframework.web.context.support.GenericWebApplicationContext@6a714237
2025-09-01T14:07:22.343+09:00 DEBUG 28934 --- [calculator-app] [    Test worker] s.w.s.m.m.a.RequestMappingHandlerMapping : 5 mappings in 'requestMappingHandlerMapping'
2025-09-01T14:07:22.622+09:00 DEBUG 28934 --- [calculator-app] [    Test worker] o.s.w.s.handler.SimpleUrlHandlerMapping  : Patterns [/webjars/**, /**] in 'resourceHandlerMapping'
2025-09-01T14:07:22.804+09:00 DEBUG 28934 --- [calculator-app] [    Test worker] s.w.s.m.m.a.RequestMappingHandlerAdapter : ControllerAdvice beans: 0 @ModelAttribute, 0 @InitBinder, 1 RequestBodyAdvice, 1 ResponseBodyAdvice
2025-09-01T14:07:22.884+09:00 DEBUG 28934 --- [calculator-app] [    Test worker] .m.m.a.ExceptionHandlerExceptionResolver : ControllerAdvice beans: 0 @ExceptionHandler, 1 ResponseBodyAdvice
2025-09-01T14:07:23.372+09:00  INFO 28934 --- [calculator-app] [    Test worker] c.e.c.service.CalculatorServiceTest      : Started CalculatorServiceTest in 14.713 seconds (process running for 28.013)
]]></system-out>
  <system-err><![CDATA[WARNING: A Java agent has been loaded dynamically (/Users/arigatatsuya/.gradle/caches/modules-2/files-2.1/net.bytebuddy/byte-buddy-agent/1.14.10/90ed94ac044ea8953b224304c762316e91fd6b31/byte-buddy-agent-1.14.10.jar)
WARNING: If a serviceability tool is in use, please run with -XX:+EnableDynamicAgentLoading to hide this warning
WARNING: If a serviceability tool is not in use, please run with -Djdk.instrument.traceUsage for more information
WARNING: Dynamic loading of agents will be disallowed by default in a future release
]]></system-err>
</testsuite>
