<?xml version="1.0" encoding="UTF-8"?>
<testsuite name="com.example.calculator.e2e.SimpleCalculatorE2ETest" tests="7" skipped="0" failures="0" errors="0" timestamp="2025-09-02T02:02:36.114Z" hostname="arigatatsuyanoMacBook-Air.local" time="5.559">
  <properties/>
  <testcase name="機能ボタンが存在することを確認" classname="com.example.calculator.e2e.SimpleCalculatorE2ETest" time="0.836"/>
  <testcase name="CSSスタイルが適用されていることを確認" classname="com.example.calculator.e2e.SimpleCalculatorE2ETest" time="0.81"/>
  <testcase name="数字ボタンが存在することを確認" classname="com.example.calculator.e2e.SimpleCalculatorE2ETest" time="0.825"/>
  <testcase name="デバッグ用計算フォームが存在することを確認" classname="com.example.calculator.e2e.SimpleCalculatorE2ETest" time="0.802"/>
  <testcase name="アプリケーションが正常に起動し、電卓ページが表示される" classname="com.example.calculator.e2e.SimpleCalculatorE2ETest" time="0.751"/>
  <testcase name="JavaScriptファイルが読み込まれていることを確認" classname="com.example.calculator.e2e.SimpleCalculatorE2ETest" time="0.764"/>
  <testcase name="演算子ボタンが存在することを確認" classname="com.example.calculator.e2e.SimpleCalculatorE2ETest" time="0.766"/>
  <system-out><![CDATA[2025-09-02T11:02:36.110+09:00  INFO 41913 --- [calculator-app-test] [    Test worker] .b.t.c.SpringBootTestContextBootstrapper : Found @SpringBootConfiguration com.example.calculator.CalculatorApplication for test class com.example.calculator.e2e.SimpleCalculatorE2ETest
2025-09-02T11:02:36.127+09:00  INFO 41913 --- [calculator-app-test] [    Test worker] i.g.bonigarcia.wdm.WebDriverManager      : Using chromedriver 139.0.7258.154 (resolved driver for Chrome 139)
2025-09-02T11:02:36.131+09:00  INFO 41913 --- [calculator-app-test] [    Test worker] i.g.bonigarcia.wdm.WebDriverManager      : Exporting webdriver.chrome.driver as /Users/arigatatsuya/.cache/selenium/chromedriver/mac-arm64/139.0.7258.154/chromedriver
2025-09-02T11:02:36.692+09:00  WARN 41913 --- [calculator-app-test] [    Test worker] o.o.selenium.devtools.CdpVersionFinder   : Unable to find CDP implementation matching 139
2025-09-02T11:02:36.693+09:00  WARN 41913 --- [calculator-app-test] [    Test worker] o.o.selenium.chromium.ChromiumDriver     : Unable to find version of CDP to use for 139.0.7258.155. You may need to include a dependency on a specific version of the CDP using something similar to `org.seleniumhq.selenium:selenium-devtools-v86:4.14.1` where the version ("v86") matches the version of the chromium-based browser you're using and the version number of the artifact is the same as Selenium's.
2025-09-02T11:02:36.955+09:00  INFO 41913 --- [calculator-app-test] [    Test worker] i.g.bonigarcia.wdm.WebDriverManager      : Using chromedriver 139.0.7258.154 (resolved driver for Chrome 139)
2025-09-02T11:02:36.957+09:00  INFO 41913 --- [calculator-app-test] [    Test worker] i.g.bonigarcia.wdm.WebDriverManager      : Exporting webdriver.chrome.driver as /Users/arigatatsuya/.cache/selenium/chromedriver/mac-arm64/139.0.7258.154/chromedriver
2025-09-02T11:02:37.529+09:00  WARN 41913 --- [calculator-app-test] [    Test worker] o.o.selenium.devtools.CdpVersionFinder   : Unable to find CDP implementation matching 139
2025-09-02T11:02:37.529+09:00  WARN 41913 --- [calculator-app-test] [    Test worker] o.o.selenium.chromium.ChromiumDriver     : Unable to find version of CDP to use for 139.0.7258.155. You may need to include a dependency on a specific version of the CDP using something similar to `org.seleniumhq.selenium:selenium-devtools-v86:4.14.1` where the version ("v86") matches the version of the chromium-based browser you're using and the version number of the artifact is the same as Selenium's.
CSS link not found in headless mode, skipping test
2025-09-02T11:02:37.769+09:00  INFO 41913 --- [calculator-app-test] [    Test worker] i.g.bonigarcia.wdm.WebDriverManager      : Using chromedriver 139.0.7258.154 (resolved driver for Chrome 139)
2025-09-02T11:02:37.771+09:00  INFO 41913 --- [calculator-app-test] [    Test worker] i.g.bonigarcia.wdm.WebDriverManager      : Exporting webdriver.chrome.driver as /Users/arigatatsuya/.cache/selenium/chromedriver/mac-arm64/139.0.7258.154/chromedriver
2025-09-02T11:02:38.310+09:00  WARN 41913 --- [calculator-app-test] [    Test worker] o.o.selenium.devtools.CdpVersionFinder   : Unable to find CDP implementation matching 139
2025-09-02T11:02:38.311+09:00  WARN 41913 --- [calculator-app-test] [    Test worker] o.o.selenium.chromium.ChromiumDriver     : Unable to find version of CDP to use for 139.0.7258.155. You may need to include a dependency on a specific version of the CDP using something similar to `org.seleniumhq.selenium:selenium-devtools-v86:4.14.1` where the version ("v86") matches the version of the chromium-based browser you're using and the version number of the artifact is the same as Selenium's.
2025-09-02T11:02:38.592+09:00  INFO 41913 --- [calculator-app-test] [    Test worker] i.g.bonigarcia.wdm.WebDriverManager      : Using chromedriver 139.0.7258.154 (resolved driver for Chrome 139)
2025-09-02T11:02:38.594+09:00  INFO 41913 --- [calculator-app-test] [    Test worker] i.g.bonigarcia.wdm.WebDriverManager      : Exporting webdriver.chrome.driver as /Users/arigatatsuya/.cache/selenium/chromedriver/mac-arm64/139.0.7258.154/chromedriver
2025-09-02T11:02:39.139+09:00  WARN 41913 --- [calculator-app-test] [    Test worker] o.o.selenium.devtools.CdpVersionFinder   : Unable to find CDP implementation matching 139
2025-09-02T11:02:39.139+09:00  WARN 41913 --- [calculator-app-test] [    Test worker] o.o.selenium.chromium.ChromiumDriver     : Unable to find version of CDP to use for 139.0.7258.155. You may need to include a dependency on a specific version of the CDP using something similar to `org.seleniumhq.selenium:selenium-devtools-v86:4.14.1` where the version ("v86") matches the version of the chromium-based browser you're using and the version number of the artifact is the same as Selenium's.
2025-09-02T11:02:39.395+09:00  INFO 41913 --- [calculator-app-test] [    Test worker] i.g.bonigarcia.wdm.WebDriverManager      : Using chromedriver 139.0.7258.154 (resolved driver for Chrome 139)
2025-09-02T11:02:39.397+09:00  INFO 41913 --- [calculator-app-test] [    Test worker] i.g.bonigarcia.wdm.WebDriverManager      : Exporting webdriver.chrome.driver as /Users/arigatatsuya/.cache/selenium/chromedriver/mac-arm64/139.0.7258.154/chromedriver
2025-09-02T11:02:39.904+09:00  WARN 41913 --- [calculator-app-test] [    Test worker] o.o.selenium.devtools.CdpVersionFinder   : Unable to find CDP implementation matching 139
2025-09-02T11:02:39.904+09:00  WARN 41913 --- [calculator-app-test] [    Test worker] o.o.selenium.chromium.ChromiumDriver     : Unable to find version of CDP to use for 139.0.7258.155. You may need to include a dependency on a specific version of the CDP using something similar to `org.seleniumhq.selenium:selenium-devtools-v86:4.14.1` where the version ("v86") matches the version of the chromium-based browser you're using and the version number of the artifact is the same as Selenium's.
2025-09-02T11:02:40.148+09:00  INFO 41913 --- [calculator-app-test] [    Test worker] i.g.bonigarcia.wdm.WebDriverManager      : Using chromedriver 139.0.7258.154 (resolved driver for Chrome 139)
2025-09-02T11:02:40.150+09:00  INFO 41913 --- [calculator-app-test] [    Test worker] i.g.bonigarcia.wdm.WebDriverManager      : Exporting webdriver.chrome.driver as /Users/arigatatsuya/.cache/selenium/chromedriver/mac-arm64/139.0.7258.154/chromedriver
2025-09-02T11:02:40.692+09:00  WARN 41913 --- [calculator-app-test] [    Test worker] o.o.selenium.devtools.CdpVersionFinder   : Unable to find CDP implementation matching 139
2025-09-02T11:02:40.693+09:00  WARN 41913 --- [calculator-app-test] [    Test worker] o.o.selenium.chromium.ChromiumDriver     : Unable to find version of CDP to use for 139.0.7258.155. You may need to include a dependency on a specific version of the CDP using something similar to `org.seleniumhq.selenium:selenium-devtools-v86:4.14.1` where the version ("v86") matches the version of the chromium-based browser you're using and the version number of the artifact is the same as Selenium's.
JavaScript script not found in headless mode, skipping test
2025-09-02T11:02:40.911+09:00  INFO 41913 --- [calculator-app-test] [    Test worker] i.g.bonigarcia.wdm.WebDriverManager      : Using chromedriver 139.0.7258.154 (resolved driver for Chrome 139)
2025-09-02T11:02:40.913+09:00  INFO 41913 --- [calculator-app-test] [    Test worker] i.g.bonigarcia.wdm.WebDriverManager      : Exporting webdriver.chrome.driver as /Users/arigatatsuya/.cache/selenium/chromedriver/mac-arm64/139.0.7258.154/chromedriver
2025-09-02T11:02:41.432+09:00  WARN 41913 --- [calculator-app-test] [    Test worker] o.o.selenium.devtools.CdpVersionFinder   : Unable to find CDP implementation matching 139
2025-09-02T11:02:41.432+09:00  WARN 41913 --- [calculator-app-test] [    Test worker] o.o.selenium.chromium.ChromiumDriver     : Unable to find version of CDP to use for 139.0.7258.155. You may need to include a dependency on a specific version of the CDP using something similar to `org.seleniumhq.selenium:selenium-devtools-v86:4.14.1` where the version ("v86") matches the version of the chromium-based browser you're using and the version number of the artifact is the same as Selenium's.
]]></system-out>
  <system-err><![CDATA[]]></system-err>
</testsuite>
